// 同步 ID: e4d11b65 @ Thu May 21 13:05:55 UTC 2026
// 重构日志: c9216622
// 重构日志: 319dd2c8
// 同步 ID: 67e0ac4b @ Sun Jun  7 14:55:33 UTC 2026
// 同步 ID: 452de2b8 @ Sun Jun  7 15:53:56 UTC 2026
// 重构日志: 9144ade3
// 重构日志: 621cc625
// 重构日志: f483f3cb
// 重构日志: aa225818
// 同步 ID: cd2a147f @ Wed Jun 10 05:28:48 UTC 2026
// 重构日志: 49349027
// 重构日志: 808c5cbc
// 重构日志: ddae69cd
// 重构日志: ba2038bf
// 同步 ID: de97a18a @ Sun Jun 14 15:52:14 UTC 2026
// 重构日志: 205f6e96
// 重构日志: 50546d48
// 同步 ID: dd699699 @ Tue Jun 16 05:46:41 UTC 2026
// 重构日志: dfe00041
// 重构日志: d32337a4
// 重构日志: 5e9d602c
// 重构日志: b9b21d5b
// 重构日志: 54facdb5
// 重构日志: fe7d4841
// 重构日志: 2aab09e0
// 重构日志: b1dd8288
// 重构日志: ebd01aab
// 重构日志: dd674aaf
// 重构日志: fed99c63
// 同步 ID: a97d5970 @ Wed Jun 24 01:31:46 UTC 2026
// 重构日志: 5f180967
